Traceback (most recent call last):
  File "C:\Users\Wenge\miniforge3\envs\sds\Lib\site-packages\jupyter_core\utils\__init__.py", line 154, in wrapped
    asyncio.get_running_loop()
    ~~~~~~~~~~~~~~~~~~~~~~~~^^
RuntimeError: no running event loop

During handling of the above exception, another exception occurred:

Traceback (most recent call last):
  File "C:\Users\Wenge\miniforge3\envs\sds\Lib\site-packages\jupyter_cache\executors\utils.py", line 58, in single_nb_execution
    executenb(
    ~~~~~~~~~^
        nb,
        ^^^
    ...<4 lines>...
        **kwargs,
        ^^^^^^^^^
    )
    ^
  File "C:\Users\Wenge\miniforge3\envs\sds\Lib\site-packages\nbclient\client.py", line 1319, in execute
    return NotebookClient(nb=nb, resources=resources, km=km, **kwargs).execute()
           ~~~~~~~~~~~~~~~~~~~~~~~~~~~~~~~~~~~~~~~~~~~~~~~~~~~~~~~~~~~~~~~~~~~^^
  File "C:\Users\Wenge\miniforge3\envs\sds\Lib\site-packages\jupyter_core\utils\__init__.py", line 158, in wrapped
    return loop.run_until_complete(inner)
           ~~~~~~~~~~~~~~~~~~~~~~~^^^^^^^
  File "C:\Users\Wenge\miniforge3\envs\sds\Lib\asyncio\base_events.py", line 725, in run_until_complete
    return future.result()
           ~~~~~~~~~~~~~^^
  File "C:\Users\Wenge\miniforge3\envs\sds\Lib\site-packages\nbclient\client.py", line 709, in async_execute
    await self.async_execute_cell(
        cell, index, execution_count=self.code_cells_executed + 1
    )
  File "C:\Users\Wenge\miniforge3\envs\sds\Lib\site-packages\nbclient\client.py", line 1062, in async_execute_cell
    await self._check_raise_for_error(cell, cell_index, exec_reply)
  File "C:\Users\Wenge\miniforge3\envs\sds\Lib\site-packages\nbclient\client.py", line 918, in _check_raise_for_error
    raise CellExecutionError.from_cell_and_msg(cell, exec_reply_content)
nbclient.exceptions.CellExecutionError: An error occurred while executing the following cell:
------------------
# Site to download air quality data  
# https://aqs.epa.gov/aqsweb/airdata/download_files.html#AQI
#https://aqs.epa.gov/aqsweb/airdata/daily_88101_2021.zip - daily  PM2.5 

pm25_daily_2020= pd.read_csv('https://aqs.epa.gov/aqsweb/airdata/daily_88101_2020.zip', parse_dates=['Date Local']) 
O3_daily_2020= pd.read_csv('https://aqs.epa.gov/aqsweb/airdata/daily_44201_2020.zip', parse_dates=['Date Local'])
SO2_daily_2020= pd.read_csv('https://aqs.epa.gov/aqsweb/airdata/daily_42401_2020.zip', parse_dates=['Date Local'])
CO_daily_2020= pd.read_csv('https://aqs.epa.gov/aqsweb/airdata/daily_42101_2020.zip', parse_dates=['Date Local'])
NO2_daily_2020= pd.read_csv('https://aqs.epa.gov/aqsweb/airdata/daily_42602_2020.zip', parse_dates=['Date Local'])
------------------


[31m---------------------------------------------------------------------------[39m
[31mValueError[39m                                Traceback (most recent call last)
[36mCell[39m[36m [39m[32mIn[6][39m[32m, line 5[39m
[32m      1[39m [38;5;66;03m# Site to download air quality data  [39;00m
[32m      2[39m [38;5;66;03m# https://aqs.epa.gov/aqsweb/airdata/download_files.html#AQI[39;00m
[32m      3[39m [38;5;66;03m#https://aqs.epa.gov/aqsweb/airdata/daily_88101_2021.zip - daily  PM2.5 [39;00m
[32m----> [39m[32m5[39m pm25_daily_2020= [43mpd[49m[43m.[49m[43mread_csv[49m[43m([49m[33;43m'[39;49m[33;43mhttps://aqs.epa.gov/aqsweb/airdata/daily_88101_2020.zip[39;49m[33;43m'[39;49m[43m,[49m[43m [49m[43mparse_dates[49m[43m=[49m[43m[[49m[33;43m'[39;49m[33;43mDate Local[39;49m[33;43m'[39;49m[43m][49m[43m)[49m 
[32m      6[39m O3_daily_2020= pd.read_csv([33m'[39m[33mhttps://aqs.epa.gov/aqsweb/airdata/daily_44201_2020.zip[39m[33m'[39m, parse_dates=[[33m'[39m[33mDate Local[39m[33m'[39m])
[32m      7[39m SO2_daily_2020= pd.read_csv([33m'[39m[33mhttps://aqs.epa.gov/aqsweb/airdata/daily_42401_2020.zip[39m[33m'[39m, parse_dates=[[33m'[39m[33mDate Local[39m[33m'[39m])

[36mFile [39m[32m~\miniforge3\envs\sds\Lib\site-packages\pandas\io\parsers\readers.py:1026[39m, in [36mread_csv[39m[34m(filepath_or_buffer, sep, delimiter, header, names, index_col, usecols, dtype, engine, converters, true_values, false_values, skipinitialspace, skiprows, skipfooter, nrows, na_values, keep_default_na, na_filter, verbose, skip_blank_lines, parse_dates, infer_datetime_format, keep_date_col, date_parser, date_format, dayfirst, cache_dates, iterator, chunksize, compression, thousands, decimal, lineterminator, quotechar, quoting, doublequote, escapechar, comment, encoding, encoding_errors, dialect, on_bad_lines, delim_whitespace, low_memory, memory_map, float_precision, storage_options, dtype_backend)[39m
[32m   1013[39m kwds_defaults = _refine_defaults_read(
[32m   1014[39m     dialect,
[32m   1015[39m     delimiter,
[32m   (...)[39m[32m   1022[39m     dtype_backend=dtype_backend,
[32m   1023[39m )
[32m   1024[39m kwds.update(kwds_defaults)
[32m-> [39m[32m1026[39m [38;5;28;01mreturn[39;00m [43m_read[49m[43m([49m[43mfilepath_or_buffer[49m[43m,[49m[43m [49m[43mkwds[49m[43m)[49m

[36mFile [39m[32m~\miniforge3\envs\sds\Lib\site-packages\pandas\io\parsers\readers.py:620[39m, in [36m_read[39m[34m(filepath_or_buffer, kwds)[39m
[32m    617[39m _validate_names(kwds.get([33m"[39m[33mnames[39m[33m"[39m, [38;5;28;01mNone[39;00m))
[32m    619[39m [38;5;66;03m# Create the parser.[39;00m
[32m--> [39m[32m620[39m parser = [43mTextFileReader[49m[43m([49m[43mfilepath_or_buffer[49m[43m,[49m[43m [49m[43m*[49m[43m*[49m[43mkwds[49m[43m)[49m
[32m    622[39m [38;5;28;01mif[39;00m chunksize [38;5;129;01mor[39;00m iterator:
[32m    623[39m     [38;5;28;01mreturn[39;00m parser

[36mFile [39m[32m~\miniforge3\envs\sds\Lib\site-packages\pandas\io\parsers\readers.py:1620[39m, in [36mTextFileReader.__init__[39m[34m(self, f, engine, **kwds)[39m
[32m   1617[39m     [38;5;28mself[39m.options[[33m"[39m[33mhas_index_names[39m[33m"[39m] = kwds[[33m"[39m[33mhas_index_names[39m[33m"[39m]
[32m   1619[39m [38;5;28mself[39m.handles: IOHandles | [38;5;28;01mNone[39;00m = [38;5;28;01mNone[39;00m
[32m-> [39m[32m1620[39m [38;5;28mself[39m._engine = [38;5;28;43mself[39;49m[43m.[49m[43m_make_engine[49m[43m([49m[43mf[49m[43m,[49m[43m [49m[38;5;28;43mself[39;49m[43m.[49m[43mengine[49m[43m)[49m

[36mFile [39m[32m~\miniforge3\envs\sds\Lib\site-packages\pandas\io\parsers\readers.py:1880[39m, in [36mTextFileReader._make_engine[39m[34m(self, f, engine)[39m
[32m   1878[39m     [38;5;28;01mif[39;00m [33m"[39m[33mb[39m[33m"[39m [38;5;129;01mnot[39;00m [38;5;129;01min[39;00m mode:
[32m   1879[39m         mode += [33m"[39m[33mb[39m[33m"[39m
[32m-> [39m[32m1880[39m [38;5;28mself[39m.handles = [43mget_handle[49m[43m([49m
[32m   1881[39m [43m    [49m[43mf[49m[43m,[49m
[32m   1882[39m [43m    [49m[43mmode[49m[43m,[49m
[32m   1883[39m [43m    [49m[43mencoding[49m[43m=[49m[38;5;28;43mself[39;49m[43m.[49m[43moptions[49m[43m.[49m[43mget[49m[43m([49m[33;43m"[39;49m[33;43mencoding[39;49m[33;43m"[39;49m[43m,[49m[43m [49m[38;5;28;43;01mNone[39;49;00m[43m)[49m[43m,[49m
[32m   1884[39m [43m    [49m[43mcompression[49m[43m=[49m[38;5;28;43mself[39;49m[43m.[49m[43moptions[49m[43m.[49m[43mget[49m[43m([49m[33;43m"[39;49m[33;43mcompression[39;49m[33;43m"[39;49m[43m,[49m[43m [49m[38;5;28;43;01mNone[39;49;00m[43m)[49m[43m,[49m
[32m   1885[39m [43m    [49m[43mmemory_map[49m[43m=[49m[38;5;28;43mself[39;49m[43m.[49m[43moptions[49m[43m.[49m[43mget[49m[43m([49m[33;43m"[39;49m[33;43mmemory_map[39;49m[33;43m"[39;49m[43m,[49m[43m [49m[38;5;28;43;01mFalse[39;49;00m[43m)[49m[43m,[49m
[32m   1886[39m [43m    [49m[43mis_text[49m[43m=[49m[43mis_text[49m[43m,[49m
[32m   1887[39m [43m    [49m[43merrors[49m[43m=[49m[38;5;28;43mself[39;49m[43m.[49m[43moptions[49m[43m.[49m[43mget[49m[43m([49m[33;43m"[39;49m[33;43mencoding_errors[39;49m[33;43m"[39;49m[43m,[49m[43m [49m[33;43m"[39;49m[33;43mstrict[39;49m[33;43m"[39;49m[43m)[49m[43m,[49m
[32m   1888[39m [43m    [49m[43mstorage_options[49m[43m=[49m[38;5;28;43mself[39;49m[43m.[49m[43moptions[49m[43m.[49m[43mget[49m[43m([49m[33;43m"[39;49m[33;43mstorage_options[39;49m[33;43m"[39;49m[43m,[49m[43m [49m[38;5;28;43;01mNone[39;49;00m[43m)[49m[43m,[49m
[32m   1889[39m [43m[49m[43m)[49m
[32m   1890[39m [38;5;28;01massert[39;00m [38;5;28mself[39m.handles [38;5;129;01mis[39;00m [38;5;129;01mnot[39;00m [38;5;28;01mNone[39;00m
[32m   1891[39m f = [38;5;28mself[39m.handles.handle

[36mFile [39m[32m~\miniforge3\envs\sds\Lib\site-packages\pandas\io\common.py:805[39m, in [36mget_handle[39m[34m(path_or_buf, mode, encoding, compression, memory_map, is_text, errors, storage_options)[39m
[32m    803[39m             [38;5;28;01mraise[39;00m [38;5;167;01mValueError[39;00m([33mf[39m[33m"[39m[33mZero files found in ZIP file [39m[38;5;132;01m{[39;00mpath_or_buf[38;5;132;01m}[39;00m[33m"[39m)
[32m    804[39m         [38;5;28;01melse[39;00m:
[32m--> [39m[32m805[39m             [38;5;28;01mraise[39;00m [38;5;167;01mValueError[39;00m(
[32m    806[39m                 [33m"[39m[33mMultiple files found in ZIP file. [39m[33m"[39m
[32m    807[39m                 [33mf[39m[33m"[39m[33mOnly one file per ZIP: [39m[38;5;132;01m{[39;00mzip_names[38;5;132;01m}[39;00m[33m"[39m
[32m    808[39m             )
[32m    810[39m [38;5;66;03m# TAR Encoding[39;00m
[32m    811[39m [38;5;28;01melif[39;00m compression == [33m"[39m[33mtar[39m[33m"[39m:

[31mValueError[39m: Multiple files found in ZIP file. Only one file per ZIP: ['daily_88101_2020/', 'daily_88101_2020/daily_88101_2020.csv']

