Traceback (most recent call last):
  File "C:\Users\Wenge\miniforge3\envs\sds\Lib\site-packages\jupyter_core\utils\__init__.py", line 154, in wrapped
    asyncio.get_running_loop()
    ~~~~~~~~~~~~~~~~~~~~~~~~^^
RuntimeError: no running event loop

During handling of the above exception, another exception occurred:

Traceback (most recent call last):
  File "C:\Users\Wenge\miniforge3\envs\sds\Lib\site-packages\jupyter_cache\executors\utils.py", line 58, in single_nb_execution
    executenb(
    ~~~~~~~~~^
        nb,
        ^^^
    ...<4 lines>...
        **kwargs,
        ^^^^^^^^^
    )
    ^
  File "C:\Users\Wenge\miniforge3\envs\sds\Lib\site-packages\nbclient\client.py", line 1319, in execute
    return NotebookClient(nb=nb, resources=resources, km=km, **kwargs).execute()
           ~~~~~~~~~~~~~~~~~~~~~~~~~~~~~~~~~~~~~~~~~~~~~~~~~~~~~~~~~~~~~~~~~~~^^
  File "C:\Users\Wenge\miniforge3\envs\sds\Lib\site-packages\jupyter_core\utils\__init__.py", line 158, in wrapped
    return loop.run_until_complete(inner)
           ~~~~~~~~~~~~~~~~~~~~~~~^^^^^^^
  File "C:\Users\Wenge\miniforge3\envs\sds\Lib\asyncio\base_events.py", line 725, in run_until_complete
    return future.result()
           ~~~~~~~~~~~~~^^
  File "C:\Users\Wenge\miniforge3\envs\sds\Lib\site-packages\nbclient\client.py", line 709, in async_execute
    await self.async_execute_cell(
        cell, index, execution_count=self.code_cells_executed + 1
    )
  File "C:\Users\Wenge\miniforge3\envs\sds\Lib\site-packages\nbclient\client.py", line 1062, in async_execute_cell
    await self._check_raise_for_error(cell, cell_index, exec_reply)
  File "C:\Users\Wenge\miniforge3\envs\sds\Lib\site-packages\nbclient\client.py", line 918, in _check_raise_for_error
    raise CellExecutionError.from_cell_and_msg(cell, exec_reply_content)
nbclient.exceptions.CellExecutionError: An error occurred while executing the following cell:
------------------

l = []
pth = r'C:\Users\Wenge\Dropbox (Hunter College)\data\EDS2022F\NYCimg\Sentinel-2\IMG_DATA'
#r'D:\Wenge\Teaching\GTECH\GTECH385&785_2021F\data\NYCimg\SL1C\IMG_DATA'
chm_path= os.path.join(pth,'T18TWL_20210912T154911_B02.jp2')
l.append(rxr.open_rasterio(chm_path))
chm_path= os.path.join(pth,'T18TWL_20210912T154911_B03.jp2')
l.append(rxr.open_rasterio(chm_path))
chm_path= os.path.join(pth,'T18TWL_20210912T154911_B04.jp2')
l.append(rxr.open_rasterio(chm_path))
chm_path= os.path.join(pth,'T18TWL_20210912T154911_B08.jp2')
l.append(rxr.open_rasterio(chm_path, masked=True))

#  Turn list of bands into a single xarray object    
bands_10m = xr.concat(l, dim="band") 
bands_10m
------------------


[31m---------------------------------------------------------------------------[39m
[31mKeyError[39m                                  Traceback (most recent call last)
[36mFile [39m[32m~\miniforge3\envs\sds\Lib\site-packages\xarray\backends\file_manager.py:219[39m, in [36mCachingFileManager._acquire_with_cache_info[39m[34m(self, needs_lock)[39m
[32m    218[39m [38;5;28;01mtry[39;00m:
[32m--> [39m[32m219[39m     file = [38;5;28;43mself[39;49m[43m.[49m[43m_cache[49m[43m[[49m[38;5;28;43mself[39;49m[43m.[49m[43m_key[49m[43m][49m
[32m    220[39m [38;5;28;01mexcept[39;00m [38;5;167;01mKeyError[39;00m:

[36mFile [39m[32m~\miniforge3\envs\sds\Lib\site-packages\xarray\backends\lru_cache.py:56[39m, in [36mLRUCache.__getitem__[39m[34m(self, key)[39m
[32m     55[39m [38;5;28;01mwith[39;00m [38;5;28mself[39m._lock:
[32m---> [39m[32m56[39m     value = [38;5;28;43mself[39;49m[43m.[49m[43m_cache[49m[43m[[49m[43mkey[49m[43m][49m
[32m     57[39m     [38;5;28mself[39m._cache.move_to_end(key)

[31mKeyError[39m: [<function open at 0x0000024157238D60>, ('C:\\Users\\Wenge\\Dropbox (Hunter College)\\data\\EDS2022F\\NYCimg\\Sentinel-2\\IMG_DATA\\T18TWL_20210912T154911_B02.jp2',), 'r', (('sharing', False),), 'cdcce5a4-aa8a-48c5-b713-3497e2dfa9ad']

During handling of the above exception, another exception occurred:

[31mCPLE_OpenFailedError[39m                      Traceback (most recent call last)
[36mFile [39m[32mrasterio\\_base.pyx:310[39m, in [36mrasterio._base.DatasetBase.__init__[39m[34m()[39m

[36mFile [39m[32mrasterio\\_base.pyx:221[39m, in [36mrasterio._base.open_dataset[39m[34m()[39m

[36mFile [39m[32mrasterio\\_err.pyx:359[39m, in [36mrasterio._err.exc_wrap_pointer[39m[34m()[39m

[31mCPLE_OpenFailedError[39m: C:\Users\Wenge\Dropbox (Hunter College)\data\EDS2022F\NYCimg\Sentinel-2\IMG_DATA\T18TWL_20210912T154911_B02.jp2: No such file or directory

During handling of the above exception, another exception occurred:

[31mRasterioIOError[39m                           Traceback (most recent call last)
[36mCell[39m[36m [39m[32mIn[2][39m[32m, line 5[39m
[32m      3[39m [38;5;66;03m#r'D:\Wenge\Teaching\GTECH\GTECH385&785_2021F\data\NYCimg\SL1C\IMG_DATA'[39;00m
[32m      4[39m chm_path= os.path.join(pth,[33m'[39m[33mT18TWL_20210912T154911_B02.jp2[39m[33m'[39m)
[32m----> [39m[32m5[39m l.append([43mrxr[49m[43m.[49m[43mopen_rasterio[49m[43m([49m[43mchm_path[49m[43m)[49m)
[32m      6[39m chm_path= os.path.join(pth,[33m'[39m[33mT18TWL_20210912T154911_B03.jp2[39m[33m'[39m)
[32m      7[39m l.append(rxr.open_rasterio(chm_path))

[36mFile [39m[32m~\miniforge3\envs\sds\Lib\site-packages\rioxarray\_io.py:1135[39m, in [36mopen_rasterio[39m[34m(filename, parse_coordinates, chunks, cache, lock, masked, mask_and_scale, variable, group, default_name, decode_times, decode_timedelta, band_as_variable, **open_kwargs)[39m
[32m   1133[39m     [38;5;28;01melse[39;00m:
[32m   1134[39m         manager = URIManager(file_opener, filename, mode=[33m"[39m[33mr[39m[33m"[39m, kwargs=open_kwargs)
[32m-> [39m[32m1135[39m     riods = [43mmanager[49m[43m.[49m[43macquire[49m[43m([49m[43m)[49m
[32m   1136[39m     captured_warnings = rio_warnings.copy()
[32m   1138[39m [38;5;66;03m# raise the NotGeoreferencedWarning if applicable[39;00m

[36mFile [39m[32m~\miniforge3\envs\sds\Lib\site-packages\xarray\backends\file_manager.py:201[39m, in [36mCachingFileManager.acquire[39m[34m(self, needs_lock)[39m
[32m    186[39m [38;5;28;01mdef[39;00m[38;5;250m [39m[34macquire[39m([38;5;28mself[39m, needs_lock: [38;5;28mbool[39m = [38;5;28;01mTrue[39;00m) -> T_File:
[32m    187[39m [38;5;250m    [39m[33;03m"""Acquire a file object from the manager.[39;00m
[32m    188[39m 
[32m    189[39m [33;03m    A new file is only opened if it has expired from the[39;00m
[32m   (...)[39m[32m    199[39m [33;03m        An open file object, as returned by ``opener(*args, **kwargs)``.[39;00m
[32m    200[39m [33;03m    """[39;00m
[32m--> [39m[32m201[39m     file, _ = [38;5;28;43mself[39;49m[43m.[49m[43m_acquire_with_cache_info[49m[43m([49m[43mneeds_lock[49m[43m)[49m
[32m    202[39m     [38;5;28;01mreturn[39;00m file

[36mFile [39m[32m~\miniforge3\envs\sds\Lib\site-packages\xarray\backends\file_manager.py:225[39m, in [36mCachingFileManager._acquire_with_cache_info[39m[34m(self, needs_lock)[39m
[32m    223[39m     kwargs = kwargs.copy()
[32m    224[39m     kwargs[[33m"[39m[33mmode[39m[33m"[39m] = [38;5;28mself[39m._mode
[32m--> [39m[32m225[39m file = [38;5;28;43mself[39;49m[43m.[49m[43m_opener[49m[43m([49m[43m*[49m[38;5;28;43mself[39;49m[43m.[49m[43m_args[49m[43m,[49m[43m [49m[43m*[49m[43m*[49m[43mkwargs[49m[43m)[49m
[32m    226[39m [38;5;28;01mif[39;00m [38;5;28mself[39m._mode == [33m"[39m[33mw[39m[33m"[39m:
[32m    227[39m     [38;5;66;03m# ensure file doesn't get overridden when opened again[39;00m
[32m    228[39m     [38;5;28mself[39m._mode = [33m"[39m[33ma[39m[33m"[39m

[36mFile [39m[32m~\miniforge3\envs\sds\Lib\site-packages\rasterio\env.py:463[39m, in [36mensure_env_with_credentials.<locals>.wrapper[39m[34m(*args, **kwds)[39m
[32m    460[39m     session = DummySession()
[32m    462[39m [38;5;28;01mwith[39;00m env_ctor(session=session):
[32m--> [39m[32m463[39m     [38;5;28;01mreturn[39;00m [43mf[49m[43m([49m[43m*[49m[43margs[49m[43m,[49m[43m [49m[43m*[49m[43m*[49m[43mkwds[49m[43m)[49m

[36mFile [39m[32m~\miniforge3\envs\sds\Lib\site-packages\rasterio\__init__.py:356[39m, in [36mopen[39m[34m(fp, mode, driver, width, height, count, crs, transform, dtype, nodata, sharing, opener, **kwargs)[39m
[32m    353[39m     path = _parse_path(raw_dataset_path)
[32m    355[39m [38;5;28;01mif[39;00m mode == [33m"[39m[33mr[39m[33m"[39m:
[32m--> [39m[32m356[39m     dataset = [43mDatasetReader[49m[43m([49m[43mpath[49m[43m,[49m[43m [49m[43mdriver[49m[43m=[49m[43mdriver[49m[43m,[49m[43m [49m[43msharing[49m[43m=[49m[43msharing[49m[43m,[49m[43m [49m[43m*[49m[43m*[49m[43mkwargs[49m[43m)[49m
[32m    357[39m [38;5;28;01melif[39;00m mode == [33m"[39m[33mr+[39m[33m"[39m:
[32m    358[39m     dataset = get_writer_for_path(path, driver=driver)(
[32m    359[39m         path, mode, driver=driver, sharing=sharing, **kwargs
[32m    360[39m     )

[36mFile [39m[32mrasterio\\_base.pyx:312[39m, in [36mrasterio._base.DatasetBase.__init__[39m[34m()[39m

[31mRasterioIOError[39m: C:\Users\Wenge\Dropbox (Hunter College)\data\EDS2022F\NYCimg\Sentinel-2\IMG_DATA\T18TWL_20210912T154911_B02.jp2: No such file or directory

