Traceback (most recent call last):
  File "C:\Users\Wenge\miniforge3\envs\sds\Lib\site-packages\jupyter_core\utils\__init__.py", line 154, in wrapped
    asyncio.get_running_loop()
    ~~~~~~~~~~~~~~~~~~~~~~~~^^
RuntimeError: no running event loop

During handling of the above exception, another exception occurred:

Traceback (most recent call last):
  File "C:\Users\Wenge\miniforge3\envs\sds\Lib\site-packages\jupyter_cache\executors\utils.py", line 58, in single_nb_execution
    executenb(
    ~~~~~~~~~^
        nb,
        ^^^
    ...<4 lines>...
        **kwargs,
        ^^^^^^^^^
    )
    ^
  File "C:\Users\Wenge\miniforge3\envs\sds\Lib\site-packages\nbclient\client.py", line 1319, in execute
    return NotebookClient(nb=nb, resources=resources, km=km, **kwargs).execute()
           ~~~~~~~~~~~~~~~~~~~~~~~~~~~~~~~~~~~~~~~~~~~~~~~~~~~~~~~~~~~~~~~~~~~^^
  File "C:\Users\Wenge\miniforge3\envs\sds\Lib\site-packages\jupyter_core\utils\__init__.py", line 158, in wrapped
    return loop.run_until_complete(inner)
           ~~~~~~~~~~~~~~~~~~~~~~~^^^^^^^
  File "C:\Users\Wenge\miniforge3\envs\sds\Lib\asyncio\base_events.py", line 725, in run_until_complete
    return future.result()
           ~~~~~~~~~~~~~^^
  File "C:\Users\Wenge\miniforge3\envs\sds\Lib\site-packages\nbclient\client.py", line 709, in async_execute
    await self.async_execute_cell(
        cell, index, execution_count=self.code_cells_executed + 1
    )
  File "C:\Users\Wenge\miniforge3\envs\sds\Lib\site-packages\nbclient\client.py", line 1062, in async_execute_cell
    await self._check_raise_for_error(cell, cell_index, exec_reply)
  File "C:\Users\Wenge\miniforge3\envs\sds\Lib\site-packages\nbclient\client.py", line 918, in _check_raise_for_error
    raise CellExecutionError.from_cell_and_msg(cell, exec_reply_content)
nbclient.exceptions.CellExecutionError: An error occurred while executing the following cell:
------------------
# In pandas, the [] (square bracket) syntax does not accept row and column selectors together like NumPy does.
tree2015[100:104, ['tree_id','spc_common']]
------------------


[31m---------------------------------------------------------------------------[39m
[31mTypeError[39m                                 Traceback (most recent call last)
[36mFile [39m[32m~\miniforge3\envs\sds\Lib\site-packages\pandas\core\indexes\base.py:3812[39m, in [36mIndex.get_loc[39m[34m(self, key)[39m
[32m   3811[39m [38;5;28;01mtry[39;00m:
[32m-> [39m[32m3812[39m     [38;5;28;01mreturn[39;00m [38;5;28;43mself[39;49m[43m.[49m[43m_engine[49m[43m.[49m[43mget_loc[49m[43m([49m[43mcasted_key[49m[43m)[49m
[32m   3813[39m [38;5;28;01mexcept[39;00m [38;5;167;01mKeyError[39;00m [38;5;28;01mas[39;00m err:

[36mFile [39m[32mpandas/_libs/index.pyx:167[39m, in [36mpandas._libs.index.IndexEngine.get_loc[39m[34m()[39m

[36mFile [39m[32mpandas/_libs/index.pyx:173[39m, in [36mpandas._libs.index.IndexEngine.get_loc[39m[34m()[39m

[31mTypeError[39m: '(slice(100, 104, None), ['tree_id', 'spc_common'])' is an invalid key

During handling of the above exception, another exception occurred:

[31mInvalidIndexError[39m                         Traceback (most recent call last)
[36mCell[39m[36m [39m[32mIn[46][39m[32m, line 2[39m
[32m      1[39m [38;5;66;03m# In pandas, the [] (square bracket) syntax does not accept row and column selectors together like NumPy does.[39;00m
[32m----> [39m[32m2[39m [43mtree2015[49m[43m[[49m[32;43m100[39;49m[43m:[49m[32;43m104[39;49m[43m,[49m[43m [49m[43m[[49m[33;43m'[39;49m[33;43mtree_id[39;49m[33;43m'[39;49m[43m,[49m[33;43m'[39;49m[33;43mspc_common[39;49m[33;43m'[39;49m[43m][49m[43m][49m

[36mFile [39m[32m~\miniforge3\envs\sds\Lib\site-packages\pandas\core\frame.py:4107[39m, in [36mDataFrame.__getitem__[39m[34m(self, key)[39m
[32m   4105[39m [38;5;28;01mif[39;00m [38;5;28mself[39m.columns.nlevels > [32m1[39m:
[32m   4106[39m     [38;5;28;01mreturn[39;00m [38;5;28mself[39m._getitem_multilevel(key)
[32m-> [39m[32m4107[39m indexer = [38;5;28;43mself[39;49m[43m.[49m[43mcolumns[49m[43m.[49m[43mget_loc[49m[43m([49m[43mkey[49m[43m)[49m
[32m   4108[39m [38;5;28;01mif[39;00m is_integer(indexer):
[32m   4109[39m     indexer = [indexer]

[36mFile [39m[32m~\miniforge3\envs\sds\Lib\site-packages\pandas\core\indexes\base.py:3824[39m, in [36mIndex.get_loc[39m[34m(self, key)[39m
[32m   3819[39m     [38;5;28;01mraise[39;00m [38;5;167;01mKeyError[39;00m(key) [38;5;28;01mfrom[39;00m[38;5;250m [39m[34;01merr[39;00m
[32m   3820[39m [38;5;28;01mexcept[39;00m [38;5;167;01mTypeError[39;00m:
[32m   3821[39m     [38;5;66;03m# If we have a listlike key, _check_indexing_error will raise[39;00m
[32m   3822[39m     [38;5;66;03m#  InvalidIndexError. Otherwise we fall through and re-raise[39;00m
[32m   3823[39m     [38;5;66;03m#  the TypeError.[39;00m
[32m-> [39m[32m3824[39m     [38;5;28;43mself[39;49m[43m.[49m[43m_check_indexing_error[49m[43m([49m[43mkey[49m[43m)[49m
[32m   3825[39m     [38;5;28;01mraise[39;00m

[36mFile [39m[32m~\miniforge3\envs\sds\Lib\site-packages\pandas\core\indexes\base.py:6072[39m, in [36mIndex._check_indexing_error[39m[34m(self, key)[39m
[32m   6068[39m [38;5;28;01mdef[39;00m[38;5;250m [39m[34m_check_indexing_error[39m([38;5;28mself[39m, key):
[32m   6069[39m     [38;5;28;01mif[39;00m [38;5;129;01mnot[39;00m is_scalar(key):
[32m   6070[39m         [38;5;66;03m# if key is not a scalar, directly raise an error (the code below[39;00m
[32m   6071[39m         [38;5;66;03m# would convert to numpy arrays and raise later any way) - GH29926[39;00m
[32m-> [39m[32m6072[39m         [38;5;28;01mraise[39;00m InvalidIndexError(key)

[31mInvalidIndexError[39m: (slice(100, 104, None), ['tree_id', 'spc_common'])

