Traceback (most recent call last):
  File "C:\Users\Wenge\miniforge3\envs\sds\Lib\site-packages\jupyter_core\utils\__init__.py", line 154, in wrapped
    asyncio.get_running_loop()
    ~~~~~~~~~~~~~~~~~~~~~~~~^^
RuntimeError: no running event loop

During handling of the above exception, another exception occurred:

Traceback (most recent call last):
  File "C:\Users\Wenge\miniforge3\envs\sds\Lib\site-packages\jupyter_cache\executors\utils.py", line 58, in single_nb_execution
    executenb(
    ~~~~~~~~~^
        nb,
        ^^^
    ...<4 lines>...
        **kwargs,
        ^^^^^^^^^
    )
    ^
  File "C:\Users\Wenge\miniforge3\envs\sds\Lib\site-packages\nbclient\client.py", line 1319, in execute
    return NotebookClient(nb=nb, resources=resources, km=km, **kwargs).execute()
           ~~~~~~~~~~~~~~~~~~~~~~~~~~~~~~~~~~~~~~~~~~~~~~~~~~~~~~~~~~~~~~~~~~~^^
  File "C:\Users\Wenge\miniforge3\envs\sds\Lib\site-packages\jupyter_core\utils\__init__.py", line 158, in wrapped
    return loop.run_until_complete(inner)
           ~~~~~~~~~~~~~~~~~~~~~~~^^^^^^^
  File "C:\Users\Wenge\miniforge3\envs\sds\Lib\asyncio\base_events.py", line 725, in run_until_complete
    return future.result()
           ~~~~~~~~~~~~~^^
  File "C:\Users\Wenge\miniforge3\envs\sds\Lib\site-packages\nbclient\client.py", line 709, in async_execute
    await self.async_execute_cell(
        cell, index, execution_count=self.code_cells_executed + 1
    )
  File "C:\Users\Wenge\miniforge3\envs\sds\Lib\site-packages\nbclient\client.py", line 1062, in async_execute_cell
    await self._check_raise_for_error(cell, cell_index, exec_reply)
  File "C:\Users\Wenge\miniforge3\envs\sds\Lib\site-packages\nbclient\client.py", line 918, in _check_raise_for_error
    raise CellExecutionError.from_cell_and_msg(cell, exec_reply_content)
nbclient.exceptions.CellExecutionError: An error occurred while executing the following cell:
------------------
import requests, pandas as pd

SERVICE = "https://data.cityofnewyork.us/api/odata/v4/uvpi-gqnh"
params = {
    "$top": 5,            # first 5 rows
    "$format": "json"
}
r = requests.get(f"{SERVICE}/rows", params=params)
r.raise_for_status()
df = pd.DataFrame(r.json()["value"])
df.head()
------------------


[31m---------------------------------------------------------------------------[39m
[31mHTTPError[39m                                 Traceback (most recent call last)
[36mCell[39m[36m [39m[32mIn[1][39m[32m, line 9[39m
[32m      4[39m params = {
[32m      5[39m     [33m"[39m[33m$top[39m[33m"[39m: [32m5[39m,            [38;5;66;03m# first 5 rows[39;00m
[32m      6[39m     [33m"[39m[33m$format[39m[33m"[39m: [33m"[39m[33mjson[39m[33m"[39m
[32m      7[39m }
[32m      8[39m r = requests.get([33mf[39m[33m"[39m[38;5;132;01m{[39;00mSERVICE[38;5;132;01m}[39;00m[33m/rows[39m[33m"[39m, params=params)
[32m----> [39m[32m9[39m [43mr[49m[43m.[49m[43mraise_for_status[49m[43m([49m[43m)[49m
[32m     10[39m df = pd.DataFrame(r.json()[[33m"[39m[33mvalue[39m[33m"[39m])
[32m     11[39m df.head()

[36mFile [39m[32m~\miniforge3\envs\sds\Lib\site-packages\requests\models.py:1026[39m, in [36mResponse.raise_for_status[39m[34m(self)[39m
[32m   1021[39m     http_error_msg = (
[32m   1022[39m         [33mf[39m[33m"[39m[38;5;132;01m{[39;00m[38;5;28mself[39m.status_code[38;5;132;01m}[39;00m[33m Server Error: [39m[38;5;132;01m{[39;00mreason[38;5;132;01m}[39;00m[33m for url: [39m[38;5;132;01m{[39;00m[38;5;28mself[39m.url[38;5;132;01m}[39;00m[33m"[39m
[32m   1023[39m     )
[32m   1025[39m [38;5;28;01mif[39;00m http_error_msg:
[32m-> [39m[32m1026[39m     [38;5;28;01mraise[39;00m HTTPError(http_error_msg, response=[38;5;28mself[39m)

[31mHTTPError[39m: 400 Client Error: Bad Request for url: https://data.cityofnewyork.us/api/odata/v4/uvpi-gqnh/rows?%24top=5&%24format=json

