Traceback (most recent call last):
  File "C:\Users\Wenge\miniforge3\envs\sds\Lib\site-packages\jupyter_core\utils\__init__.py", line 154, in wrapped
    asyncio.get_running_loop()
    ~~~~~~~~~~~~~~~~~~~~~~~~^^
RuntimeError: no running event loop

During handling of the above exception, another exception occurred:

Traceback (most recent call last):
  File "C:\Users\Wenge\miniforge3\envs\sds\Lib\site-packages\jupyter_cache\executors\utils.py", line 58, in single_nb_execution
    executenb(
    ~~~~~~~~~^
        nb,
        ^^^
    ...<4 lines>...
        **kwargs,
        ^^^^^^^^^
    )
    ^
  File "C:\Users\Wenge\miniforge3\envs\sds\Lib\site-packages\nbclient\client.py", line 1319, in execute
    return NotebookClient(nb=nb, resources=resources, km=km, **kwargs).execute()
           ~~~~~~~~~~~~~~~~~~~~~~~~~~~~~~~~~~~~~~~~~~~~~~~~~~~~~~~~~~~~~~~~~~~^^
  File "C:\Users\Wenge\miniforge3\envs\sds\Lib\site-packages\jupyter_core\utils\__init__.py", line 158, in wrapped
    return loop.run_until_complete(inner)
           ~~~~~~~~~~~~~~~~~~~~~~~^^^^^^^
  File "C:\Users\Wenge\miniforge3\envs\sds\Lib\asyncio\base_events.py", line 725, in run_until_complete
    return future.result()
           ~~~~~~~~~~~~~^^
  File "C:\Users\Wenge\miniforge3\envs\sds\Lib\site-packages\nbclient\client.py", line 709, in async_execute
    await self.async_execute_cell(
        cell, index, execution_count=self.code_cells_executed + 1
    )
  File "C:\Users\Wenge\miniforge3\envs\sds\Lib\site-packages\nbclient\client.py", line 1062, in async_execute_cell
    await self._check_raise_for_error(cell, cell_index, exec_reply)
  File "C:\Users\Wenge\miniforge3\envs\sds\Lib\site-packages\nbclient\client.py", line 918, in _check_raise_for_error
    raise CellExecutionError.from_cell_and_msg(cell, exec_reply_content)
nbclient.exceptions.CellExecutionError: An error occurred while executing the following cell:
------------------
# import the monthly average precipitation values as a pandas dataframe
TempF = pd.read_csv('http://www.geography.hunter.cuny.edu/~wenge/EDS2023F/data/NYCMet/CPannualT.csv',skiprows=1)
TempF.index

------------------


[31m---------------------------------------------------------------------------[39m
[31mTimeoutError[39m                              Traceback (most recent call last)
[36mFile [39m[32m~\miniforge3\envs\sds\Lib\urllib\request.py:1319[39m, in [36mAbstractHTTPHandler.do_open[39m[34m(self, http_class, req, **http_conn_args)[39m
[32m   1318[39m [38;5;28;01mtry[39;00m:
[32m-> [39m[32m1319[39m     [43mh[49m[43m.[49m[43mrequest[49m[43m([49m[43mreq[49m[43m.[49m[43mget_method[49m[43m([49m[43m)[49m[43m,[49m[43m [49m[43mreq[49m[43m.[49m[43mselector[49m[43m,[49m[43m [49m[43mreq[49m[43m.[49m[43mdata[49m[43m,[49m[43m [49m[43mheaders[49m[43m,[49m
[32m   1320[39m [43m              [49m[43mencode_chunked[49m[43m=[49m[43mreq[49m[43m.[49m[43mhas_header[49m[43m([49m[33;43m'[39;49m[33;43mTransfer-encoding[39;49m[33;43m'[39;49m[43m)[49m[43m)[49m
[32m   1321[39m [38;5;28;01mexcept[39;00m [38;5;167;01mOSError[39;00m [38;5;28;01mas[39;00m err: [38;5;66;03m# timeout error[39;00m

[36mFile [39m[32m~\miniforge3\envs\sds\Lib\http\client.py:1338[39m, in [36mHTTPConnection.request[39m[34m(self, method, url, body, headers, encode_chunked)[39m
[32m   1337[39m [38;5;250m[39m[33;03m"""Send a complete request to the server."""[39;00m
[32m-> [39m[32m1338[39m [38;5;28;43mself[39;49m[43m.[49m[43m_send_request[49m[43m([49m[43mmethod[49m[43m,[49m[43m [49m[43murl[49m[43m,[49m[43m [49m[43mbody[49m[43m,[49m[43m [49m[43mheaders[49m[43m,[49m[43m [49m[43mencode_chunked[49m[43m)[49m

[36mFile [39m[32m~\miniforge3\envs\sds\Lib\http\client.py:1384[39m, in [36mHTTPConnection._send_request[39m[34m(self, method, url, body, headers, encode_chunked)[39m
[32m   1383[39m     body = _encode(body, [33m'[39m[33mbody[39m[33m'[39m)
[32m-> [39m[32m1384[39m [38;5;28;43mself[39;49m[43m.[49m[43mendheaders[49m[43m([49m[43mbody[49m[43m,[49m[43m [49m[43mencode_chunked[49m[43m=[49m[43mencode_chunked[49m[43m)[49m

[36mFile [39m[32m~\miniforge3\envs\sds\Lib\http\client.py:1333[39m, in [36mHTTPConnection.endheaders[39m[34m(self, message_body, encode_chunked)[39m
[32m   1332[39m     [38;5;28;01mraise[39;00m CannotSendHeader()
[32m-> [39m[32m1333[39m [38;5;28;43mself[39;49m[43m.[49m[43m_send_output[49m[43m([49m[43mmessage_body[49m[43m,[49m[43m [49m[43mencode_chunked[49m[43m=[49m[43mencode_chunked[49m[43m)[49m

[36mFile [39m[32m~\miniforge3\envs\sds\Lib\http\client.py:1093[39m, in [36mHTTPConnection._send_output[39m[34m(self, message_body, encode_chunked)[39m
[32m   1092[39m [38;5;28;01mdel[39;00m [38;5;28mself[39m._buffer[:]
[32m-> [39m[32m1093[39m [38;5;28;43mself[39;49m[43m.[49m[43msend[49m[43m([49m[43mmsg[49m[43m)[49m
[32m   1095[39m [38;5;28;01mif[39;00m message_body [38;5;129;01mis[39;00m [38;5;129;01mnot[39;00m [38;5;28;01mNone[39;00m:
[32m   1096[39m 
[32m   1097[39m     [38;5;66;03m# create a consistent interface to message_body[39;00m

[36mFile [39m[32m~\miniforge3\envs\sds\Lib\http\client.py:1037[39m, in [36mHTTPConnection.send[39m[34m(self, data)[39m
[32m   1036[39m [38;5;28;01mif[39;00m [38;5;28mself[39m.auto_open:
[32m-> [39m[32m1037[39m     [38;5;28;43mself[39;49m[43m.[49m[43mconnect[49m[43m([49m[43m)[49m
[32m   1038[39m [38;5;28;01melse[39;00m:

[36mFile [39m[32m~\miniforge3\envs\sds\Lib\http\client.py:1003[39m, in [36mHTTPConnection.connect[39m[34m(self)[39m
[32m   1002[39m sys.audit([33m"[39m[33mhttp.client.connect[39m[33m"[39m, [38;5;28mself[39m, [38;5;28mself[39m.host, [38;5;28mself[39m.port)
[32m-> [39m[32m1003[39m [38;5;28mself[39m.sock = [38;5;28;43mself[39;49m[43m.[49m[43m_create_connection[49m[43m([49m
[32m   1004[39m [43m    [49m[43m([49m[38;5;28;43mself[39;49m[43m.[49m[43mhost[49m[43m,[49m[38;5;28;43mself[39;49m[43m.[49m[43mport[49m[43m)[49m[43m,[49m[43m [49m[38;5;28;43mself[39;49m[43m.[49m[43mtimeout[49m[43m,[49m[43m [49m[38;5;28;43mself[39;49m[43m.[49m[43msource_address[49m[43m)[49m
[32m   1005[39m [38;5;66;03m# Might fail in OSs that don't implement TCP_NODELAY[39;00m

[36mFile [39m[32m~\miniforge3\envs\sds\Lib\socket.py:864[39m, in [36mcreate_connection[39m[34m(address, timeout, source_address, all_errors)[39m
[32m    863[39m [38;5;28;01mif[39;00m [38;5;129;01mnot[39;00m all_errors:
[32m--> [39m[32m864[39m     [38;5;28;01mraise[39;00m exceptions[[32m0[39m]
[32m    865[39m [38;5;28;01mraise[39;00m ExceptionGroup([33m"[39m[33mcreate_connection failed[39m[33m"[39m, exceptions)

[36mFile [39m[32m~\miniforge3\envs\sds\Lib\socket.py:849[39m, in [36mcreate_connection[39m[34m(address, timeout, source_address, all_errors)[39m
[32m    848[39m     sock.bind(source_address)
[32m--> [39m[32m849[39m [43msock[49m[43m.[49m[43mconnect[49m[43m([49m[43msa[49m[43m)[49m
[32m    850[39m [38;5;66;03m# Break explicitly a reference cycle[39;00m

[31mTimeoutError[39m: [WinError 10060] A connection attempt failed because the connected party did not properly respond after a period of time, or established connection failed because connected host has failed to respond

During handling of the above exception, another exception occurred:

[31mURLError[39m                                  Traceback (most recent call last)
[36mCell[39m[36m [39m[32mIn[2][39m[32m, line 2[39m
[32m      1[39m [38;5;66;03m# import the monthly average precipitation values as a pandas dataframe[39;00m
[32m----> [39m[32m2[39m TempF = [43mpd[49m[43m.[49m[43mread_csv[49m[43m([49m[33;43m'[39;49m[33;43mhttp://www.geography.hunter.cuny.edu/~wenge/EDS2023F/data/NYCMet/CPannualT.csv[39;49m[33;43m'[39;49m[43m,[49m[43mskiprows[49m[43m=[49m[32;43m1[39;49m[43m)[49m
[32m      3[39m TempF.index

[36mFile [39m[32m~\miniforge3\envs\sds\Lib\site-packages\pandas\io\parsers\readers.py:1026[39m, in [36mread_csv[39m[34m(filepath_or_buffer, sep, delimiter, header, names, index_col, usecols, dtype, engine, converters, true_values, false_values, skipinitialspace, skiprows, skipfooter, nrows, na_values, keep_default_na, na_filter, verbose, skip_blank_lines, parse_dates, infer_datetime_format, keep_date_col, date_parser, date_format, dayfirst, cache_dates, iterator, chunksize, compression, thousands, decimal, lineterminator, quotechar, quoting, doublequote, escapechar, comment, encoding, encoding_errors, dialect, on_bad_lines, delim_whitespace, low_memory, memory_map, float_precision, storage_options, dtype_backend)[39m
[32m   1013[39m kwds_defaults = _refine_defaults_read(
[32m   1014[39m     dialect,
[32m   1015[39m     delimiter,
[32m   (...)[39m[32m   1022[39m     dtype_backend=dtype_backend,
[32m   1023[39m )
[32m   1024[39m kwds.update(kwds_defaults)
[32m-> [39m[32m1026[39m [38;5;28;01mreturn[39;00m [43m_read[49m[43m([49m[43mfilepath_or_buffer[49m[43m,[49m[43m [49m[43mkwds[49m[43m)[49m

[36mFile [39m[32m~\miniforge3\envs\sds\Lib\site-packages\pandas\io\parsers\readers.py:620[39m, in [36m_read[39m[34m(filepath_or_buffer, kwds)[39m
[32m    617[39m _validate_names(kwds.get([33m"[39m[33mnames[39m[33m"[39m, [38;5;28;01mNone[39;00m))
[32m    619[39m [38;5;66;03m# Create the parser.[39;00m
[32m--> [39m[32m620[39m parser = [43mTextFileReader[49m[43m([49m[43mfilepath_or_buffer[49m[43m,[49m[43m [49m[43m*[49m[43m*[49m[43mkwds[49m[43m)[49m
[32m    622[39m [38;5;28;01mif[39;00m chunksize [38;5;129;01mor[39;00m iterator:
[32m    623[39m     [38;5;28;01mreturn[39;00m parser

[36mFile [39m[32m~\miniforge3\envs\sds\Lib\site-packages\pandas\io\parsers\readers.py:1620[39m, in [36mTextFileReader.__init__[39m[34m(self, f, engine, **kwds)[39m
[32m   1617[39m     [38;5;28mself[39m.options[[33m"[39m[33mhas_index_names[39m[33m"[39m] = kwds[[33m"[39m[33mhas_index_names[39m[33m"[39m]
[32m   1619[39m [38;5;28mself[39m.handles: IOHandles | [38;5;28;01mNone[39;00m = [38;5;28;01mNone[39;00m
[32m-> [39m[32m1620[39m [38;5;28mself[39m._engine = [38;5;28;43mself[39;49m[43m.[49m[43m_make_engine[49m[43m([49m[43mf[49m[43m,[49m[43m [49m[38;5;28;43mself[39;49m[43m.[49m[43mengine[49m[43m)[49m

[36mFile [39m[32m~\miniforge3\envs\sds\Lib\site-packages\pandas\io\parsers\readers.py:1880[39m, in [36mTextFileReader._make_engine[39m[34m(self, f, engine)[39m
[32m   1878[39m     [38;5;28;01mif[39;00m [33m"[39m[33mb[39m[33m"[39m [38;5;129;01mnot[39;00m [38;5;129;01min[39;00m mode:
[32m   1879[39m         mode += [33m"[39m[33mb[39m[33m"[39m
[32m-> [39m[32m1880[39m [38;5;28mself[39m.handles = [43mget_handle[49m[43m([49m
[32m   1881[39m [43m    [49m[43mf[49m[43m,[49m
[32m   1882[39m [43m    [49m[43mmode[49m[43m,[49m
[32m   1883[39m [43m    [49m[43mencoding[49m[43m=[49m[38;5;28;43mself[39;49m[43m.[49m[43moptions[49m[43m.[49m[43mget[49m[43m([49m[33;43m"[39;49m[33;43mencoding[39;49m[33;43m"[39;49m[43m,[49m[43m [49m[38;5;28;43;01mNone[39;49;00m[43m)[49m[43m,[49m
[32m   1884[39m [43m    [49m[43mcompression[49m[43m=[49m[38;5;28;43mself[39;49m[43m.[49m[43moptions[49m[43m.[49m[43mget[49m[43m([49m[33;43m"[39;49m[33;43mcompression[39;49m[33;43m"[39;49m[43m,[49m[43m [49m[38;5;28;43;01mNone[39;49;00m[43m)[49m[43m,[49m
[32m   1885[39m [43m    [49m[43mmemory_map[49m[43m=[49m[38;5;28;43mself[39;49m[43m.[49m[43moptions[49m[43m.[49m[43mget[49m[43m([49m[33;43m"[39;49m[33;43mmemory_map[39;49m[33;43m"[39;49m[43m,[49m[43m [49m[38;5;28;43;01mFalse[39;49;00m[43m)[49m[43m,[49m
[32m   1886[39m [43m    [49m[43mis_text[49m[43m=[49m[43mis_text[49m[43m,[49m
[32m   1887[39m [43m    [49m[43merrors[49m[43m=[49m[38;5;28;43mself[39;49m[43m.[49m[43moptions[49m[43m.[49m[43mget[49m[43m([49m[33;43m"[39;49m[33;43mencoding_errors[39;49m[33;43m"[39;49m[43m,[49m[43m [49m[33;43m"[39;49m[33;43mstrict[39;49m[33;43m"[39;49m[43m)[49m[43m,[49m
[32m   1888[39m [43m    [49m[43mstorage_options[49m[43m=[49m[38;5;28;43mself[39;49m[43m.[49m[43moptions[49m[43m.[49m[43mget[49m[43m([49m[33;43m"[39;49m[33;43mstorage_options[39;49m[33;43m"[39;49m[43m,[49m[43m [49m[38;5;28;43;01mNone[39;49;00m[43m)[49m[43m,[49m
[32m   1889[39m [43m[49m[43m)[49m
[32m   1890[39m [38;5;28;01massert[39;00m [38;5;28mself[39m.handles [38;5;129;01mis[39;00m [38;5;129;01mnot[39;00m [38;5;28;01mNone[39;00m
[32m   1891[39m f = [38;5;28mself[39m.handles.handle

[36mFile [39m[32m~\miniforge3\envs\sds\Lib\site-packages\pandas\io\common.py:728[39m, in [36mget_handle[39m[34m(path_or_buf, mode, encoding, compression, memory_map, is_text, errors, storage_options)[39m
[32m    725[39m     codecs.lookup_error(errors)
[32m    727[39m [38;5;66;03m# open URLs[39;00m
[32m--> [39m[32m728[39m ioargs = [43m_get_filepath_or_buffer[49m[43m([49m
[32m    729[39m [43m    [49m[43mpath_or_buf[49m[43m,[49m
[32m    730[39m [43m    [49m[43mencoding[49m[43m=[49m[43mencoding[49m[43m,[49m
[32m    731[39m [43m    [49m[43mcompression[49m[43m=[49m[43mcompression[49m[43m,[49m
[32m    732[39m [43m    [49m[43mmode[49m[43m=[49m[43mmode[49m[43m,[49m
[32m    733[39m [43m    [49m[43mstorage_options[49m[43m=[49m[43mstorage_options[49m[43m,[49m
[32m    734[39m [43m[49m[43m)[49m
[32m    736[39m handle = ioargs.filepath_or_buffer
[32m    737[39m handles: [38;5;28mlist[39m[BaseBuffer]

[36mFile [39m[32m~\miniforge3\envs\sds\Lib\site-packages\pandas\io\common.py:384[39m, in [36m_get_filepath_or_buffer[39m[34m(filepath_or_buffer, encoding, compression, mode, storage_options)[39m
[32m    382[39m [38;5;66;03m# assuming storage_options is to be interpreted as headers[39;00m
[32m    383[39m req_info = urllib.request.Request(filepath_or_buffer, headers=storage_options)
[32m--> [39m[32m384[39m [38;5;28;01mwith[39;00m [43murlopen[49m[43m([49m[43mreq_info[49m[43m)[49m [38;5;28;01mas[39;00m req:
[32m    385[39m     content_encoding = req.headers.get([33m"[39m[33mContent-Encoding[39m[33m"[39m, [38;5;28;01mNone[39;00m)
[32m    386[39m     [38;5;28;01mif[39;00m content_encoding == [33m"[39m[33mgzip[39m[33m"[39m:
[32m    387[39m         [38;5;66;03m# Override compression based on Content-Encoding header[39;00m

[36mFile [39m[32m~\miniforge3\envs\sds\Lib\site-packages\pandas\io\common.py:289[39m, in [36murlopen[39m[34m(*args, **kwargs)[39m
[32m    283[39m [38;5;250m[39m[33;03m"""[39;00m
[32m    284[39m [33;03mLazy-import wrapper for stdlib urlopen, as that imports a big chunk of[39;00m
[32m    285[39m [33;03mthe stdlib.[39;00m
[32m    286[39m [33;03m"""[39;00m
[32m    287[39m [38;5;28;01mimport[39;00m[38;5;250m [39m[34;01murllib[39;00m[34;01m.[39;00m[34;01mrequest[39;00m
[32m--> [39m[32m289[39m [38;5;28;01mreturn[39;00m [43murllib[49m[43m.[49m[43mrequest[49m[43m.[49m[43murlopen[49m[43m([49m[43m*[49m[43margs[49m[43m,[49m[43m [49m[43m*[49m[43m*[49m[43mkwargs[49m[43m)[49m

[36mFile [39m[32m~\miniforge3\envs\sds\Lib\urllib\request.py:189[39m, in [36murlopen[39m[34m(url, data, timeout, context)[39m
[32m    187[39m [38;5;28;01melse[39;00m:
[32m    188[39m     opener = _opener
[32m--> [39m[32m189[39m [38;5;28;01mreturn[39;00m [43mopener[49m[43m.[49m[43mopen[49m[43m([49m[43murl[49m[43m,[49m[43m [49m[43mdata[49m[43m,[49m[43m [49m[43mtimeout[49m[43m)[49m

[36mFile [39m[32m~\miniforge3\envs\sds\Lib\urllib\request.py:489[39m, in [36mOpenerDirector.open[39m[34m(self, fullurl, data, timeout)[39m
[32m    486[39m     req = meth(req)
[32m    488[39m sys.audit([33m'[39m[33murllib.Request[39m[33m'[39m, req.full_url, req.data, req.headers, req.get_method())
[32m--> [39m[32m489[39m response = [38;5;28;43mself[39;49m[43m.[49m[43m_open[49m[43m([49m[43mreq[49m[43m,[49m[43m [49m[43mdata[49m[43m)[49m
[32m    491[39m [38;5;66;03m# post-process response[39;00m
[32m    492[39m meth_name = protocol+[33m"[39m[33m_response[39m[33m"[39m

[36mFile [39m[32m~\miniforge3\envs\sds\Lib\urllib\request.py:506[39m, in [36mOpenerDirector._open[39m[34m(self, req, data)[39m
[32m    503[39m     [38;5;28;01mreturn[39;00m result
[32m    505[39m protocol = req.type
[32m--> [39m[32m506[39m result = [38;5;28;43mself[39;49m[43m.[49m[43m_call_chain[49m[43m([49m[38;5;28;43mself[39;49m[43m.[49m[43mhandle_open[49m[43m,[49m[43m [49m[43mprotocol[49m[43m,[49m[43m [49m[43mprotocol[49m[43m [49m[43m+[49m
[32m    507[39m [43m                          [49m[33;43m'[39;49m[33;43m_open[39;49m[33;43m'[39;49m[43m,[49m[43m [49m[43mreq[49m[43m)[49m
[32m    508[39m [38;5;28;01mif[39;00m result:
[32m    509[39m     [38;5;28;01mreturn[39;00m result

[36mFile [39m[32m~\miniforge3\envs\sds\Lib\urllib\request.py:466[39m, in [36mOpenerDirector._call_chain[39m[34m(self, chain, kind, meth_name, *args)[39m
[32m    464[39m [38;5;28;01mfor[39;00m handler [38;5;129;01min[39;00m handlers:
[32m    465[39m     func = [38;5;28mgetattr[39m(handler, meth_name)
[32m--> [39m[32m466[39m     result = [43mfunc[49m[43m([49m[43m*[49m[43margs[49m[43m)[49m
[32m    467[39m     [38;5;28;01mif[39;00m result [38;5;129;01mis[39;00m [38;5;129;01mnot[39;00m [38;5;28;01mNone[39;00m:
[32m    468[39m         [38;5;28;01mreturn[39;00m result

[36mFile [39m[32m~\miniforge3\envs\sds\Lib\urllib\request.py:1348[39m, in [36mHTTPHandler.http_open[39m[34m(self, req)[39m
[32m   1347[39m [38;5;28;01mdef[39;00m[38;5;250m [39m[34mhttp_open[39m([38;5;28mself[39m, req):
[32m-> [39m[32m1348[39m     [38;5;28;01mreturn[39;00m [38;5;28;43mself[39;49m[43m.[49m[43mdo_open[49m[43m([49m[43mhttp[49m[43m.[49m[43mclient[49m[43m.[49m[43mHTTPConnection[49m[43m,[49m[43m [49m[43mreq[49m[43m)[49m

[36mFile [39m[32m~\miniforge3\envs\sds\Lib\urllib\request.py:1322[39m, in [36mAbstractHTTPHandler.do_open[39m[34m(self, http_class, req, **http_conn_args)[39m
[32m   1319[39m         h.request(req.get_method(), req.selector, req.data, headers,
[32m   1320[39m                   encode_chunked=req.has_header([33m'[39m[33mTransfer-encoding[39m[33m'[39m))
[32m   1321[39m     [38;5;28;01mexcept[39;00m [38;5;167;01mOSError[39;00m [38;5;28;01mas[39;00m err: [38;5;66;03m# timeout error[39;00m
[32m-> [39m[32m1322[39m         [38;5;28;01mraise[39;00m URLError(err)
[32m   1323[39m     r = h.getresponse()
[32m   1324[39m [38;5;28;01mexcept[39;00m:

[31mURLError[39m: <urlopen error [WinError 10060] A connection attempt failed because the connected party did not properly respond after a period of time, or established connection failed because connected host has failed to respond>

