Traceback (most recent call last):
  File "C:\Users\Wenge\miniforge3\envs\sds\Lib\site-packages\jupyter_core\utils\__init__.py", line 154, in wrapped
    asyncio.get_running_loop()
    ~~~~~~~~~~~~~~~~~~~~~~~~^^
RuntimeError: no running event loop

During handling of the above exception, another exception occurred:

Traceback (most recent call last):
  File "C:\Users\Wenge\miniforge3\envs\sds\Lib\site-packages\jupyter_cache\executors\utils.py", line 58, in single_nb_execution
    executenb(
    ~~~~~~~~~^
        nb,
        ^^^
    ...<4 lines>...
        **kwargs,
        ^^^^^^^^^
    )
    ^
  File "C:\Users\Wenge\miniforge3\envs\sds\Lib\site-packages\nbclient\client.py", line 1319, in execute
    return NotebookClient(nb=nb, resources=resources, km=km, **kwargs).execute()
           ~~~~~~~~~~~~~~~~~~~~~~~~~~~~~~~~~~~~~~~~~~~~~~~~~~~~~~~~~~~~~~~~~~~^^
  File "C:\Users\Wenge\miniforge3\envs\sds\Lib\site-packages\jupyter_core\utils\__init__.py", line 158, in wrapped
    return loop.run_until_complete(inner)
           ~~~~~~~~~~~~~~~~~~~~~~~^^^^^^^
  File "C:\Users\Wenge\miniforge3\envs\sds\Lib\asyncio\base_events.py", line 725, in run_until_complete
    return future.result()
           ~~~~~~~~~~~~~^^
  File "C:\Users\Wenge\miniforge3\envs\sds\Lib\site-packages\nbclient\client.py", line 709, in async_execute
    await self.async_execute_cell(
        cell, index, execution_count=self.code_cells_executed + 1
    )
  File "C:\Users\Wenge\miniforge3\envs\sds\Lib\site-packages\nbclient\client.py", line 1062, in async_execute_cell
    await self._check_raise_for_error(cell, cell_index, exec_reply)
  File "C:\Users\Wenge\miniforge3\envs\sds\Lib\site-packages\nbclient\client.py", line 918, in _check_raise_for_error
    raise CellExecutionError.from_cell_and_msg(cell, exec_reply_content)
nbclient.exceptions.CellExecutionError: An error occurred while executing the following cell:
------------------
a = np.array([1, 2, 3.,255, 256], dtype ='uint8')
print(a)
print(a.dtype)
print(a.itemsize)
print(a.nbytes)

------------------


[31m---------------------------------------------------------------------------[39m
[31mOverflowError[39m                             Traceback (most recent call last)
[36mCell[39m[36m [39m[32mIn[27][39m[32m, line 1[39m
[32m----> [39m[32m1[39m a = [43mnp[49m[43m.[49m[43marray[49m[43m([49m[43m[[49m[32;43m1[39;49m[43m,[49m[43m [49m[32;43m2[39;49m[43m,[49m[43m [49m[32;43m3.[39;49m[43m,[49m[32;43m255[39;49m[43m,[49m[43m [49m[32;43m256[39;49m[43m][49m[43m,[49m[43m [49m[43mdtype[49m[43m [49m[43m=[49m[33;43m'[39;49m[33;43muint8[39;49m[33;43m'[39;49m[43m)[49m
[32m      2[39m [38;5;28mprint[39m(a)
[32m      3[39m [38;5;28mprint[39m(a.dtype)

[31mOverflowError[39m: Python integer 256 out of bounds for uint8

