Traceback (most recent call last):
  File "C:\Users\Wenge\miniforge3\envs\sds\Lib\site-packages\jupyter_core\utils\__init__.py", line 154, in wrapped
    asyncio.get_running_loop()
    ~~~~~~~~~~~~~~~~~~~~~~~~^^
RuntimeError: no running event loop

During handling of the above exception, another exception occurred:

Traceback (most recent call last):
  File "C:\Users\Wenge\miniforge3\envs\sds\Lib\site-packages\jupyter_cache\executors\utils.py", line 58, in single_nb_execution
    executenb(
    ~~~~~~~~~^
        nb,
        ^^^
    ...<4 lines>...
        **kwargs,
        ^^^^^^^^^
    )
    ^
  File "C:\Users\Wenge\miniforge3\envs\sds\Lib\site-packages\nbclient\client.py", line 1319, in execute
    return NotebookClient(nb=nb, resources=resources, km=km, **kwargs).execute()
           ~~~~~~~~~~~~~~~~~~~~~~~~~~~~~~~~~~~~~~~~~~~~~~~~~~~~~~~~~~~~~~~~~~~^^
  File "C:\Users\Wenge\miniforge3\envs\sds\Lib\site-packages\jupyter_core\utils\__init__.py", line 158, in wrapped
    return loop.run_until_complete(inner)
           ~~~~~~~~~~~~~~~~~~~~~~~^^^^^^^
  File "C:\Users\Wenge\miniforge3\envs\sds\Lib\asyncio\base_events.py", line 725, in run_until_complete
    return future.result()
           ~~~~~~~~~~~~~^^
  File "C:\Users\Wenge\miniforge3\envs\sds\Lib\site-packages\nbclient\client.py", line 709, in async_execute
    await self.async_execute_cell(
        cell, index, execution_count=self.code_cells_executed + 1
    )
  File "C:\Users\Wenge\miniforge3\envs\sds\Lib\site-packages\nbclient\client.py", line 1062, in async_execute_cell
    await self._check_raise_for_error(cell, cell_index, exec_reply)
  File "C:\Users\Wenge\miniforge3\envs\sds\Lib\site-packages\nbclient\client.py", line 918, in _check_raise_for_error
    raise CellExecutionError.from_cell_and_msg(cell, exec_reply_content)
nbclient.exceptions.CellExecutionError: An error occurred while executing the following cell:
------------------
url = "https://data.gishub.org/duckdb/h3_res4_geo.parquet"
gdf = leafmap.read_vector(url)
gdf
------------------


[31m---------------------------------------------------------------------------[39m
[31mModuleNotFoundError[39m                       Traceback (most recent call last)
[32m~\AppData\Local\Temp\ipykernel_17020\604133808.py[39m in [36m?[39m[34m()[39m
[32m      1[39m url = [33m"https://data.gishub.org/duckdb/h3_res4_geo.parquet"[39m
[32m----> [39m[32m2[39m gdf = leafmap.read_vector(url)
[32m      3[39m gdf

[32m~\miniforge3\envs\sds\Lib\site-packages\leafmap\common.py[39m in [36m?[39m[34m(source, layer, **kwargs)[39m
[32m  18684[39m     """
[32m  18685[39m 
[32m  18686[39m     [38;5;28;01mimport[39;00m urllib.parse
[32m  18687[39m 
[32m> [39m[32m18688[39m     [38;5;28;01mimport[39;00m fiona
[32m  18689[39m     [38;5;28;01mimport[39;00m geopandas [38;5;28;01mas[39;00m gpd
[32m  18690[39m 
[32m  18691[39m     [38;5;66;03m# Determine if source is a URL or local file[39;00m

[31mModuleNotFoundError[39m: No module named 'fiona'

