Traceback (most recent call last):
  File "C:\Users\Wenge\miniforge3\envs\sds\Lib\site-packages\jupyter_core\utils\__init__.py", line 154, in wrapped
    asyncio.get_running_loop()
    ~~~~~~~~~~~~~~~~~~~~~~~~^^
RuntimeError: no running event loop

During handling of the above exception, another exception occurred:

Traceback (most recent call last):
  File "C:\Users\Wenge\miniforge3\envs\sds\Lib\site-packages\jupyter_cache\executors\utils.py", line 58, in single_nb_execution
    executenb(
    ~~~~~~~~~^
        nb,
        ^^^
    ...<4 lines>...
        **kwargs,
        ^^^^^^^^^
    )
    ^
  File "C:\Users\Wenge\miniforge3\envs\sds\Lib\site-packages\nbclient\client.py", line 1319, in execute
    return NotebookClient(nb=nb, resources=resources, km=km, **kwargs).execute()
           ~~~~~~~~~~~~~~~~~~~~~~~~~~~~~~~~~~~~~~~~~~~~~~~~~~~~~~~~~~~~~~~~~~~^^
  File "C:\Users\Wenge\miniforge3\envs\sds\Lib\site-packages\jupyter_core\utils\__init__.py", line 158, in wrapped
    return loop.run_until_complete(inner)
           ~~~~~~~~~~~~~~~~~~~~~~~^^^^^^^
  File "C:\Users\Wenge\miniforge3\envs\sds\Lib\asyncio\base_events.py", line 725, in run_until_complete
    return future.result()
           ~~~~~~~~~~~~~^^
  File "C:\Users\Wenge\miniforge3\envs\sds\Lib\site-packages\nbclient\client.py", line 709, in async_execute
    await self.async_execute_cell(
        cell, index, execution_count=self.code_cells_executed + 1
    )
  File "C:\Users\Wenge\miniforge3\envs\sds\Lib\site-packages\nbclient\client.py", line 1062, in async_execute_cell
    await self._check_raise_for_error(cell, cell_index, exec_reply)
  File "C:\Users\Wenge\miniforge3\envs\sds\Lib\site-packages\nbclient\client.py", line 918, in _check_raise_for_error
    raise CellExecutionError.from_cell_and_msg(cell, exec_reply_content)
nbclient.exceptions.CellExecutionError: An error occurred while executing the following cell:
------------------
# go to data directory 
#os.chdir(r'D:\Dropbox (Hunter College)\data\EDS2021F\LC08')
os.chdir(r'C:\Users\Wenge\Dropbox (Hunter College)\data\EDS2022F\NYCimg\LC09\LC09_L2SP_013032_20220915_20220917_02_T1')
os.getcwd()

cwd = os.getcwd()
# Get all surface reflectance bands 
fp = glob(os.path.join(cwd,'*S*_B*.tif'))
fp
------------------


[31m---------------------------------------------------------------------------[39m
[31mFileNotFoundError[39m                         Traceback (most recent call last)
[36mCell[39m[36m [39m[32mIn[2][39m[32m, line 3[39m
[32m      1[39m [38;5;66;03m# go to data directory [39;00m
[32m      2[39m [38;5;66;03m#os.chdir(r'D:\Dropbox (Hunter College)\data\EDS2021F\LC08')[39;00m
[32m----> [39m[32m3[39m [43mos[49m[43m.[49m[43mchdir[49m[43m([49m[33;43mr[39;49m[33;43m'[39;49m[33;43mC:[39;49m[33;43m\[39;49m[33;43mUsers[39;49m[33;43m\[39;49m[33;43mWenge[39;49m[33;43m\[39;49m[33;43mDropbox (Hunter College)[39;49m[33;43m\[39;49m[33;43mdata[39;49m[33;43m\[39;49m[33;43mEDS2022F[39;49m[33;43m\[39;49m[33;43mNYCimg[39;49m[33;43m\[39;49m[33;43mLC09[39;49m[33;43m\[39;49m[33;43mLC09_L2SP_013032_20220915_20220917_02_T1[39;49m[33;43m'[39;49m[43m)[49m
[32m      4[39m os.getcwd()
[32m      6[39m cwd = os.getcwd()

[31mFileNotFoundError[39m: [WinError 3] The system cannot find the path specified: 'C:\\Users\\Wenge\\Dropbox (Hunter College)\\data\\EDS2022F\\NYCimg\\LC09\\LC09_L2SP_013032_20220915_20220917_02_T1'

